<?xml version="1.0" encoding="UTF-8"?>
<!-- Generated by org.testng.reporters.JUnitXMLReporter -->
<testsuite ignored="1" hostname="DESKTOP-O28EHK6" failures="0" tests="14" name="ChromeTest" time="9.95" errors="0" timestamp="2022-05-10T19:27:28 EDT">
  <testcase classname="testcases.TopBarNavigationValidation" name="HomeBarValidation" time="0.147"/>
  <testcase classname="testcases.TopBarNavigationValidation" name="HomeBarNavigation" time="0.274"/>
  <testcase classname="testcases.TopBarNavigationValidation" name="ProvidersBarsValidation" time="0.085"/>
  <testcase classname="testcases.TopBarNavigationValidation" name="ProvidersBarsNavigation" time="0.412"/>
  <testcase classname="testcases.TopBarNavigationValidation" name="PatientsBarValidation" time="0.142"/>
  <testcase classname="testcases.TopBarNavigationValidation" name="PatientsUrlNavigation" time="2.149"/>
  <testcase classname="testcases.TopBarNavigationValidation" name="PlatformBarValidation" time="0.124"/>
  <testcase classname="testcases.RequestDemoTest" name="validateRequestDemo" time="3.463"/>
  <testcase classname="testcases.TopBarNavigationValidation" name="PlatformUrlNavigation" time="0.711"/>
  <testcase classname="testcases.TopBarNavigationValidation" name="ResourcesBarValidation" time="0.113"/>
  <testcase classname="testcases.TopBarNavigationValidation" name="ContactUsBarValidation" time="0.11"/>
  <testcase classname="testcases.TopBarNavigationValidation" name="ContactUsUrlNavigation" time="0.512"/>
  <testcase classname="testcases.TopBarNavigationValidation" name="AboutHarmonizeUrlNavigation" time="0.758"/>
  <testcase classname="testcases.TopBarNavigationValidation" name="BlogUrlNavigation" time="0.573"/>
  <testcase classname="base.baseClass" name="@AfterTest closeSession" time="0.0">
    <ignored/>
  </testcase> <!-- @AfterTest closeSession -->
</testsuite> <!-- ChromeTest -->
