<?xml version="1.0" encoding="UTF-8"?>
<!-- Generated by org.testng.reporters.JUnitXMLReporter -->
<testsuite ignored="1" hostname="DESKTOP-O28EHK6" failures="0" tests="14" name="EdgeTest" time="7.611" errors="0" timestamp="2022-05-10T19:27:36 EDT">
  <testcase classname="testcases.TopBarNavigationValidation" name="HomeBarValidation" time="0.105"/>
  <testcase classname="testcases.TopBarNavigationValidation" name="HomeBarNavigation" time="0.294"/>
  <testcase classname="testcases.TopBarNavigationValidation" name="ProvidersBarsValidation" time="0.109"/>
  <testcase classname="testcases.RequestDemoTest" name="validateRequestDemo" time="2.442"/>
  <testcase classname="testcases.TopBarNavigationValidation" name="ProvidersBarsNavigation" time="0.33"/>
  <testcase classname="testcases.TopBarNavigationValidation" name="PatientsBarValidation" time="0.124"/>
  <testcase classname="testcases.TopBarNavigationValidation" name="PatientsUrlNavigation" time="0.439"/>
  <testcase classname="testcases.TopBarNavigationValidation" name="PlatformBarValidation" time="0.16"/>
  <testcase classname="testcases.TopBarNavigationValidation" name="PlatformUrlNavigation" time="0.444"/>
  <testcase classname="testcases.TopBarNavigationValidation" name="ResourcesBarValidation" time="0.144"/>
  <testcase classname="testcases.TopBarNavigationValidation" name="ContactUsBarValidation" time="0.161"/>
  <testcase classname="testcases.TopBarNavigationValidation" name="ContactUsUrlNavigation" time="0.363"/>
  <testcase classname="testcases.TopBarNavigationValidation" name="AboutHarmonizeUrlNavigation" time="0.509"/>
  <testcase classname="testcases.TopBarNavigationValidation" name="BlogUrlNavigation" time="0.631"/>
  <testcase classname="base.baseClass" name="@AfterTest closeSession" time="0.0">
    <ignored/>
  </testcase> <!-- @AfterTest closeSession -->
</testsuite> <!-- EdgeTest -->
