<?xml version="1.0" encoding="UTF-8"?>
<testng-results ignored="2" total="30" passed="28" failed="0" skipped="0">
  <reporter-output>
  </reporter-output>
  <suite started-at="2022-05-10T19:27:18 EDT" name="Suite" finished-at="2022-05-10T19:27:36 EDT" duration-ms="17695">
    <groups>
    </groups>
    <test started-at="2022-05-10T19:27:18 EDT" name="ChromeTest" finished-at="2022-05-10T19:27:28 EDT" duration-ms="9950">
      <class name="testcases.TopBarNavigationValidation">
        <test-method is-config="true" signature="StartBrowser(java.lang.String)[pri:0, instance:testcases.TopBarNavigationValidation@671a5887]" started-at="2022-05-10T19:27:18 EDT" name="StartBrowser" finished-at="2022-05-10T19:27:22 EDT" duration-ms="3756" status="PASS">
          <params>
            <param index="0">
              <value>
                <![CDATA[Chrome]]>
              </value>
            </param>
          </params>
          <reporter-output>
          </reporter-output>
        </test-method> <!-- StartBrowser -->
        <test-method is-config="true" signature="beforeTest()[pri:0, instance:testcases.TopBarNavigationValidation@671a5887]" started-at="2022-05-10T19:27:22 EDT" name="beforeTest" finished-at="2022-05-10T19:27:22 EDT" duration-ms="1" status="PASS">
          <reporter-output>
          </reporter-output>
        </test-method> <!-- beforeTest -->
        <test-method signature="HomeBarValidation()[pri:0, instance:testcases.TopBarNavigationValidation@671a5887]" started-at="2022-05-10T19:27:22 EDT" name="HomeBarValidation" finished-at="2022-05-10T19:27:22 EDT" duration-ms="147" status="PASS">
          <reporter-output>
          </reporter-output>
        </test-method> <!-- HomeBarValidation -->
        <test-method signature="HomeBarNavigation()[pri:1, instance:testcases.TopBarNavigationValidation@671a5887]" started-at="2022-05-10T19:27:22 EDT" name="HomeBarNavigation" finished-at="2022-05-10T19:27:22 EDT" duration-ms="274" status="PASS">
          <reporter-output>
          </reporter-output>
        </test-method> <!-- HomeBarNavigation -->
        <test-method signature="ProvidersBarsValidation()[pri:2, instance:testcases.TopBarNavigationValidation@671a5887]" started-at="2022-05-10T19:27:22 EDT" name="ProvidersBarsValidation" finished-at="2022-05-10T19:27:23 EDT" duration-ms="85" status="PASS">
          <reporter-output>
          </reporter-output>
        </test-method> <!-- ProvidersBarsValidation -->
        <test-method signature="ProvidersBarsNavigation()[pri:3, instance:testcases.TopBarNavigationValidation@671a5887]" started-at="2022-05-10T19:27:23 EDT" name="ProvidersBarsNavigation" finished-at="2022-05-10T19:27:23 EDT" duration-ms="412" status="PASS">
          <reporter-output>
          </reporter-output>
        </test-method> <!-- ProvidersBarsNavigation -->
        <test-method signature="PatientsBarValidation()[pri:4, instance:testcases.TopBarNavigationValidation@671a5887]" started-at="2022-05-10T19:27:23 EDT" name="PatientsBarValidation" finished-at="2022-05-10T19:27:23 EDT" duration-ms="142" status="PASS">
          <reporter-output>
          </reporter-output>
        </test-method> <!-- PatientsBarValidation -->
        <test-method signature="PatientsUrlNavigation()[pri:5, instance:testcases.TopBarNavigationValidation@671a5887]" started-at="2022-05-10T19:27:23 EDT" name="PatientsUrlNavigation" finished-at="2022-05-10T19:27:25 EDT" duration-ms="2149" status="PASS">
          <reporter-output>
          </reporter-output>
        </test-method> <!-- PatientsUrlNavigation -->
        <test-method signature="PlatformBarValidation()[pri:6, instance:testcases.TopBarNavigationValidation@671a5887]" started-at="2022-05-10T19:27:25 EDT" name="PlatformBarValidation" finished-at="2022-05-10T19:27:25 EDT" duration-ms="124" status="PASS">
          <reporter-output>
          </reporter-output>
        </test-method> <!-- PlatformBarValidation -->
        <test-method signature="PlatformUrlNavigation()[pri:7, instance:testcases.TopBarNavigationValidation@671a5887]" started-at="2022-05-10T19:27:25 EDT" name="PlatformUrlNavigation" finished-at="2022-05-10T19:27:26 EDT" duration-ms="711" status="PASS">
          <reporter-output>
          </reporter-output>
        </test-method> <!-- PlatformUrlNavigation -->
        <test-method signature="ResourcesBarValidation()[pri:8, instance:testcases.TopBarNavigationValidation@671a5887]" started-at="2022-05-10T19:27:26 EDT" name="ResourcesBarValidation" finished-at="2022-05-10T19:27:26 EDT" duration-ms="113" status="PASS">
          <reporter-output>
          </reporter-output>
        </test-method> <!-- ResourcesBarValidation -->
        <test-method signature="ContactUsBarValidation()[pri:9, instance:testcases.TopBarNavigationValidation@671a5887]" started-at="2022-05-10T19:27:26 EDT" name="ContactUsBarValidation" finished-at="2022-05-10T19:27:26 EDT" duration-ms="110" status="PASS">
          <reporter-output>
          </reporter-output>
        </test-method> <!-- ContactUsBarValidation -->
        <test-method signature="ContactUsUrlNavigation()[pri:10, instance:testcases.TopBarNavigationValidation@671a5887]" started-at="2022-05-10T19:27:26 EDT" name="ContactUsUrlNavigation" finished-at="2022-05-10T19:27:27 EDT" duration-ms="512" status="PASS">
          <reporter-output>
          </reporter-output>
        </test-method> <!-- ContactUsUrlNavigation -->
        <test-method signature="AboutHarmonizeUrlNavigation()[pri:0, instance:testcases.TopBarNavigationValidation@671a5887]" started-at="2022-05-10T19:27:27 EDT" name="AboutHarmonizeUrlNavigation" finished-at="2022-05-10T19:27:28 EDT" depends-on-methods="testcases.TopBarNavigationValidation.ResourcesBarValidation" duration-ms="758" status="PASS">
          <reporter-output>
          </reporter-output>
        </test-method> <!-- AboutHarmonizeUrlNavigation -->
        <test-method signature="BlogUrlNavigation()[pri:0, instance:testcases.TopBarNavigationValidation@671a5887]" started-at="2022-05-10T19:27:28 EDT" name="BlogUrlNavigation" finished-at="2022-05-10T19:27:28 EDT" depends-on-methods="testcases.TopBarNavigationValidation.ResourcesBarValidation" duration-ms="573" status="PASS">
          <reporter-output>
          </reporter-output>
        </test-method> <!-- BlogUrlNavigation -->
        <test-method is-config="true" signature="closeSession()[pri:0, instance:testcases.TopBarNavigationValidation@671a5887]" started-at="2022-05-10T19:27:28 EDT" name="closeSession" finished-at="2022-05-10T19:27:28 EDT" duration-ms="1" status="PASS">
          <reporter-output>
          </reporter-output>
        </test-method> <!-- closeSession -->
      </class> <!-- testcases.TopBarNavigationValidation -->
      <class name="testcases.RequestDemoTest">
        <test-method is-config="true" signature="StartBrowser(java.lang.String)[pri:0, instance:testcases.RequestDemoTest@5552768b]" started-at="2022-05-10T19:27:18 EDT" name="StartBrowser" finished-at="2022-05-10T19:27:22 EDT" duration-ms="3664" status="PASS">
          <params>
            <param index="0">
              <value>
                <![CDATA[Chrome]]>
              </value>
            </param>
          </params>
          <reporter-output>
          </reporter-output>
        </test-method> <!-- StartBrowser -->
        <test-method is-config="true" signature="beforeTest()[pri:0, instance:testcases.RequestDemoTest@5552768b]" started-at="2022-05-10T19:27:22 EDT" name="beforeTest" finished-at="2022-05-10T19:27:22 EDT" duration-ms="40" status="PASS">
          <reporter-output>
          </reporter-output>
        </test-method> <!-- beforeTest -->
        <test-method signature="validateRequestDemo()[pri:0, instance:testcases.RequestDemoTest@5552768b]" started-at="2022-05-10T19:27:22 EDT" name="validateRequestDemo" finished-at="2022-05-10T19:27:25 EDT" duration-ms="3463" status="PASS">
          <reporter-output>
          </reporter-output>
        </test-method> <!-- validateRequestDemo -->
      </class> <!-- testcases.RequestDemoTest -->
    </test> <!-- ChromeTest -->
    <test started-at="2022-05-10T19:27:28 EDT" name="EdgeTest" finished-at="2022-05-10T19:27:36 EDT" duration-ms="7611">
      <class name="testcases.TopBarNavigationValidation">
        <test-method is-config="true" signature="StartBrowser(java.lang.String)[pri:0, instance:testcases.TopBarNavigationValidation@d6e7bab]" started-at="2022-05-10T19:27:28 EDT" name="StartBrowser" finished-at="2022-05-10T19:27:32 EDT" duration-ms="3766" status="PASS">
          <params>
            <param index="0">
              <value>
                <![CDATA[Edge]]>
              </value>
            </param>
          </params>
          <reporter-output>
          </reporter-output>
        </test-method> <!-- StartBrowser -->
        <test-method is-config="true" signature="beforeTest()[pri:0, instance:testcases.TopBarNavigationValidation@d6e7bab]" started-at="2022-05-10T19:27:32 EDT" name="beforeTest" finished-at="2022-05-10T19:27:32 EDT" duration-ms="2" status="PASS">
          <reporter-output>
          </reporter-output>
        </test-method> <!-- beforeTest -->
        <test-method signature="HomeBarValidation()[pri:0, instance:testcases.TopBarNavigationValidation@d6e7bab]" started-at="2022-05-10T19:27:32 EDT" name="HomeBarValidation" finished-at="2022-05-10T19:27:32 EDT" duration-ms="105" status="PASS">
          <reporter-output>
          </reporter-output>
        </test-method> <!-- HomeBarValidation -->
        <test-method signature="HomeBarNavigation()[pri:1, instance:testcases.TopBarNavigationValidation@d6e7bab]" started-at="2022-05-10T19:27:32 EDT" name="HomeBarNavigation" finished-at="2022-05-10T19:27:33 EDT" duration-ms="294" status="PASS">
          <reporter-output>
          </reporter-output>
        </test-method> <!-- HomeBarNavigation -->
        <test-method signature="ProvidersBarsValidation()[pri:2, instance:testcases.TopBarNavigationValidation@d6e7bab]" started-at="2022-05-10T19:27:33 EDT" name="ProvidersBarsValidation" finished-at="2022-05-10T19:27:33 EDT" duration-ms="109" status="PASS">
          <reporter-output>
          </reporter-output>
        </test-method> <!-- ProvidersBarsValidation -->
        <test-method signature="ProvidersBarsNavigation()[pri:3, instance:testcases.TopBarNavigationValidation@d6e7bab]" started-at="2022-05-10T19:27:33 EDT" name="ProvidersBarsNavigation" finished-at="2022-05-10T19:27:33 EDT" duration-ms="330" status="PASS">
          <reporter-output>
          </reporter-output>
        </test-method> <!-- ProvidersBarsNavigation -->
        <test-method signature="PatientsBarValidation()[pri:4, instance:testcases.TopBarNavigationValidation@d6e7bab]" started-at="2022-05-10T19:27:33 EDT" name="PatientsBarValidation" finished-at="2022-05-10T19:27:33 EDT" duration-ms="124" status="PASS">
          <reporter-output>
          </reporter-output>
        </test-method> <!-- PatientsBarValidation -->
        <test-method signature="PatientsUrlNavigation()[pri:5, instance:testcases.TopBarNavigationValidation@d6e7bab]" started-at="2022-05-10T19:27:33 EDT" name="PatientsUrlNavigation" finished-at="2022-05-10T19:27:34 EDT" duration-ms="439" status="PASS">
          <reporter-output>
          </reporter-output>
        </test-method> <!-- PatientsUrlNavigation -->
        <test-method signature="PlatformBarValidation()[pri:6, instance:testcases.TopBarNavigationValidation@d6e7bab]" started-at="2022-05-10T19:27:34 EDT" name="PlatformBarValidation" finished-at="2022-05-10T19:27:34 EDT" duration-ms="160" status="PASS">
          <reporter-output>
          </reporter-output>
        </test-method> <!-- PlatformBarValidation -->
        <test-method signature="PlatformUrlNavigation()[pri:7, instance:testcases.TopBarNavigationValidation@d6e7bab]" started-at="2022-05-10T19:27:34 EDT" name="PlatformUrlNavigation" finished-at="2022-05-10T19:27:34 EDT" duration-ms="444" status="PASS">
          <reporter-output>
          </reporter-output>
        </test-method> <!-- PlatformUrlNavigation -->
        <test-method signature="ResourcesBarValidation()[pri:8, instance:testcases.TopBarNavigationValidation@d6e7bab]" started-at="2022-05-10T19:27:34 EDT" name="ResourcesBarValidation" finished-at="2022-05-10T19:27:34 EDT" duration-ms="144" status="PASS">
          <reporter-output>
          </reporter-output>
        </test-method> <!-- ResourcesBarValidation -->
        <test-method signature="ContactUsBarValidation()[pri:9, instance:testcases.TopBarNavigationValidation@d6e7bab]" started-at="2022-05-10T19:27:34 EDT" name="ContactUsBarValidation" finished-at="2022-05-10T19:27:34 EDT" duration-ms="161" status="PASS">
          <reporter-output>
          </reporter-output>
        </test-method> <!-- ContactUsBarValidation -->
        <test-method signature="ContactUsUrlNavigation()[pri:10, instance:testcases.TopBarNavigationValidation@d6e7bab]" started-at="2022-05-10T19:27:34 EDT" name="ContactUsUrlNavigation" finished-at="2022-05-10T19:27:35 EDT" duration-ms="363" status="PASS">
          <reporter-output>
          </reporter-output>
        </test-method> <!-- ContactUsUrlNavigation -->
        <test-method signature="AboutHarmonizeUrlNavigation()[pri:0, instance:testcases.TopBarNavigationValidation@d6e7bab]" started-at="2022-05-10T19:27:35 EDT" name="AboutHarmonizeUrlNavigation" finished-at="2022-05-10T19:27:35 EDT" depends-on-methods="testcases.TopBarNavigationValidation.ResourcesBarValidation" duration-ms="509" status="PASS">
          <reporter-output>
          </reporter-output>
        </test-method> <!-- AboutHarmonizeUrlNavigation -->
        <test-method signature="BlogUrlNavigation()[pri:0, instance:testcases.TopBarNavigationValidation@d6e7bab]" started-at="2022-05-10T19:27:35 EDT" name="BlogUrlNavigation" finished-at="2022-05-10T19:27:36 EDT" depends-on-methods="testcases.TopBarNavigationValidation.ResourcesBarValidation" duration-ms="631" status="PASS">
          <reporter-output>
          </reporter-output>
        </test-method> <!-- BlogUrlNavigation -->
        <test-method is-config="true" signature="closeSession()[pri:0, instance:testcases.TopBarNavigationValidation@d6e7bab]" started-at="2022-05-10T19:27:36 EDT" name="closeSession" finished-at="2022-05-10T19:27:36 EDT" duration-ms="0" status="PASS">
          <reporter-output>
          </reporter-output>
        </test-method> <!-- closeSession -->
      </class> <!-- testcases.TopBarNavigationValidation -->
      <class name="testcases.RequestDemoTest">
        <test-method is-config="true" signature="StartBrowser(java.lang.String)[pri:0, instance:testcases.RequestDemoTest@5fa07e12]" started-at="2022-05-10T19:27:28 EDT" name="StartBrowser" finished-at="2022-05-10T19:27:30 EDT" duration-ms="1974" status="PASS">
          <params>
            <param index="0">
              <value>
                <![CDATA[Edge]]>
              </value>
            </param>
          </params>
          <reporter-output>
          </reporter-output>
        </test-method> <!-- StartBrowser -->
        <test-method is-config="true" signature="beforeTest()[pri:0, instance:testcases.RequestDemoTest@5fa07e12]" started-at="2022-05-10T19:27:30 EDT" name="beforeTest" finished-at="2022-05-10T19:27:30 EDT" duration-ms="1" status="PASS">
          <reporter-output>
          </reporter-output>
        </test-method> <!-- beforeTest -->
        <test-method signature="validateRequestDemo()[pri:0, instance:testcases.RequestDemoTest@5fa07e12]" started-at="2022-05-10T19:27:30 EDT" name="validateRequestDemo" finished-at="2022-05-10T19:27:33 EDT" duration-ms="2442" status="PASS">
          <reporter-output>
          </reporter-output>
        </test-method> <!-- validateRequestDemo -->
      </class> <!-- testcases.RequestDemoTest -->
    </test> <!-- EdgeTest -->
  </suite> <!-- Suite -->
</testng-results>
